g_dbus_connection_real_closed: Remote peer vanished with error: Underlying GIOStream returned 0 bytes on an async read (g-io-error-quark, 0). Exiting.

** (Eclipse:20559): WARNING **: Could not connect: Connection refused
Eclipse:
JVM terminated. Exit code=143
/usr/bin/java
-Dosgi.requiredJavaVersion=1.5
-Dhelp.lucene.tokenizer=standard
-XX:MaxPermSize=256m
-Xms40m
-Xmx512m
-jar /lusr/opt/eclipse//plugins/org.eclipse.equinox.launcher_1.3.0.v20120522-1813.jar
-os linux
-ws gtk
-arch x86_64
-showsplash /lusr/opt/eclipse//plugins/org.eclipse.platform_4.2.2.v201302041200/splash.bmp
-launcher /lusr/opt/eclipse/eclipse
-name Eclipse
--launcher.library /lusr/opt/eclipse//plugins/org.eclipse.equinox.launcher.gtk.linux.x86_64_1.1.200.v20120913-144807/eclipse_1502.so
-startup /lusr/opt/eclipse//plugins/org.eclipse.equinox.launcher_1.3.0.v20120522-1813.jar
--launcher.overrideVmargs
-exitdata 1dd8001
-product org.eclipse.epp.package.java.product
-vm /usr/bin/java
-vmargs
-Dosgi.requiredJavaVersion=1.5
-Dhelp.lucene.tokenizer=standard
-XX:MaxPermSize=256m
-Xms40m
-Xmx512m
-jar /lusr/opt/eclipse//plugins/org.eclipse.equinox.launcher_1.3.0.v20120522-1813.jar 
